<?xml version="1.0" encoding="UTF-8"?>
<!-- Generated by org.testng.reporters.JUnitReportReporter -->
<testsuite hostname="ojas-dl334" failures="0" tests="1" name="tests.LoginTest" time="4.013" errors="0" timestamp="2025-05-14T10:30:18 GMT-04:00" skipped="0">
  <testcase classname="tests.LoginTest" name="testValidLogin" time="4.013"/>
</testsuite> <!-- tests.LoginTest -->
